{
  "stats": {
    "suites": 1,
    "tests": 1,
    "passes": 1,
    "pending": 0,
    "failures": 0,
    "start": "2021-08-05T23:13:22.351Z",
    "end": "2021-08-05T23:14:10.295Z",
    "duration": 47944,
    "testsRegistered": 1,
    "passPercent": 100,
    "pendingPercent": 0,
    "other": 0,
    "hasOther": false,
    "skipped": 0,
    "hasSkipped": false
  },
  "results": [
    {
      "uuid": "e442c498-e328-47d0-bcc3-b465189faf4c",
      "title": "",
      "fullFile": "cypress/integration/teste.feature",
      "file": "cypress/integration/teste.feature",
      "beforeHooks": [],
      "afterHooks": [],
      "tests": [],
      "suites": [
        {
          "uuid": "a031799c-b4ac-4ec9-8a74-f5523507ed31",
          "title": "Automatizar Site da Smiles",
          "fullFile": "",
          "file": "",
          "beforeHooks": [],
          "afterHooks": [],
          "tests": [
            {
              "title": "Realizar um pedido de voo com Sucesso",
              "fullTitle": "Automatizar Site da Smiles Realizar um pedido de voo com Sucesso",
              "timedOut": null,
              "duration": 47801,
              "state": "passed",
              "speed": "slow",
              "pass": true,
              "fail": false,
              "pending": false,
              "context": null,
              "code": "const state = window.testState;\nreturn cy\n  .then(() => state.onStartScenario(scenario, indexedSteps))\n  .then(() =>\n    resolveAndRunBeforeHooks.call(this, scenario.tags, state.feature.name)\n  )\n  .then(() =>\n    indexedSteps.forEach((step) =>\n      stepTest.call(this, state, step, rowData)\n    )\n  )\n  .then(() => state.onFinishScenario(scenario));",
              "err": {},
              "uuid": "174c7a6f-6d11-453f-8907-1a919f7e6efa",
              "parentUUID": "a031799c-b4ac-4ec9-8a74-f5523507ed31",
              "isHook": false,
              "skipped": false
            }
          ],
          "suites": [],
          "passes": [
            "174c7a6f-6d11-453f-8907-1a919f7e6efa"
          ],
          "failures": [],
          "pending": [],
          "skipped": [],
          "duration": 47801,
          "root": false,
          "rootEmpty": false,
          "_timeout": 2000
        }
      ],
      "passes": [],
      "failures": [],
      "pending": [],
      "skipped": [],
      "duration": 0,
      "root": true,
      "rootEmpty": true,
      "_timeout": 2000
    }
  ],
  "meta": {
    "mocha": {
      "version": "7.0.1"
    },
    "mochawesome": {
      "options": {
        "quiet": false,
        "reportFilename": "mochawesome",
        "saveHtml": true,
        "saveJson": true,
        "consoleReporter": "spec",
        "useInlineDiffs": false,
        "code": true
      },
      "version": "6.2.2"
    },
    "marge": {
      "options": {
        "overwrite": false
      },
      "version": "5.2.0"
    }
  }
}