{
  "stats": {
    "suites": 1,
    "tests": 1,
    "passes": 0,
    "pending": 0,
    "failures": 1,
    "start": "2021-08-12T02:10:35.562Z",
    "end": "2021-08-12T02:11:22.083Z",
    "duration": 46521,
    "testsRegistered": 1,
    "passPercent": 0,
    "pendingPercent": 0,
    "other": 0,
    "hasOther": false,
    "skipped": 0,
    "hasSkipped": false
  },
  "results": [
    {
      "uuid": "6181ab82-a78d-4a22-9213-3c860fd1750e",
      "title": "",
      "fullFile": "cypress/integration/Reserva.feature",
      "file": "cypress/integration/Reserva.feature",
      "beforeHooks": [],
      "afterHooks": [],
      "tests": [],
      "suites": [
        {
          "uuid": "ad65acb3-5f41-41d4-9862-028cc7ce9613",
          "title": "Reserva de passagem de voo",
          "fullFile": "",
          "file": "",
          "beforeHooks": [],
          "afterHooks": [],
          "tests": [
            {
              "title": "Realizar uma reserva de voo com Sucesso de São Paulo para o Rio de Janeiro",
              "fullTitle": "Reserva de passagem de voo Realizar uma reserva de voo com Sucesso de São Paulo para o Rio de Janeiro",
              "timedOut": null,
              "duration": 46279,
              "state": "failed",
              "speed": null,
              "pass": false,
              "fail": true,
              "pending": false,
              "context": null,
              "code": "const state = window.testState;\nreturn cy\n  .then(() => state.onStartScenario(scenario, indexedSteps))\n  .then(() =>\n    resolveAndRunBeforeHooks.call(this, scenario.tags, state.feature.name)\n  )\n  .then(() =>\n    indexedSteps.forEach((step) =>\n      stepTest.call(this, state, step, rowData)\n    )\n  )\n  .then(() => state.onFinishScenario(scenario));",
              "err": {
                "message": "CypressError: Timed out retrying after 10050ms: `cy.click()` failed because the center of this element is hidden from view:\n\n`<label class=\"flightlb\" for=\"optionMiles0\" style=\"min-height:17px\">22.500</label>`\n\nFix this problem, or use `{force: true}` to disable error checking.\n\nhttps://on.cypress.io/element-cannot-be-interacted-with",
                "estack": "CypressError: Timed out retrying after 10050ms: `cy.click()` failed because the center of this element is hidden from view:\n\n`<label class=\"flightlb\" for=\"optionMiles0\" style=\"min-height:17px\">22.500</label>`\n\nFix this problem, or use `{force: true}` to disable error checking.\n\nhttps://on.cypress.io/element-cannot-be-interacted-with\n    at $Cy.ensureDescendents (https://www.smiles.com.br/__cypress/runner/cypress_runner.js:148572:24)\n    at ensureDescendents (https://www.smiles.com.br/__cypress/runner/cypress_runner.js:135786:8)\n    at possiblyScrollMultipleTimes (https://www.smiles.com.br/__cypress/runner/cypress_runner.js:135895:22)\n    at scrollContainers (https://www.smiles.com.br/__cypress/runner/cypress_runner.js:135918:16)\n    at ensureDescendentsAndScroll (https://www.smiles.com.br/__cypress/runner/cypress_runner.js:135922:14)\n    at ensureElIsNotCovered (https://www.smiles.com.br/__cypress/runner/cypress_runner.js:135927:5)\n    at runAllChecks (https://www.smiles.com.br/__cypress/runner/cypress_runner.js:136114:52)\n    at retryActionability (https://www.smiles.com.br/__cypress/runner/cypress_runner.js:136137:16)\n    at tryCatcher (https://www.smiles.com.br/__cypress/runner/cypress_runner.js:13212:23)\n    at Function.Promise.attempt.Promise.try (https://www.smiles.com.br/__cypress/runner/cypress_runner.js:10486:29)\n    at tryFn (https://www.smiles.com.br/__cypress/runner/cypress_runner.js:153198:21)\n    at whenStable (https://www.smiles.com.br/__cypress/runner/cypress_runner.js:153236:12)\n    at https://www.smiles.com.br/__cypress/runner/cypress_runner.js:152728:16\n    at tryCatcher (https://www.smiles.com.br/__cypress/runner/cypress_runner.js:13212:23)\n    at Promise._settlePromiseFromHandler (https://www.smiles.com.br/__cypress/runner/cypress_runner.js:11147:31)\n    at Promise._settlePromise (https://www.smiles.com.br/__cypress/runner/cypress_runner.js:11204:18)\nFrom Your Spec Code:\n    at reservaPage.SelecionarMilhasNaPassagemIdaIda (https://www.smiles.com.br/__cypress/tests?p=cypress/integration/Reserva.feature:192:46)\n    at Context.eval (https://www.smiles.com.br/__cypress/tests?p=cypress/integration/Reserva.feature:284:11)\n    at Context.resolveAndRunStepDefinition (https://www.smiles.com.br/__cypress/tests?p=cypress/integration/Reserva.feature:10759:29)\n    at Context.eval (https://www.smiles.com.br/__cypress/tests?p=cypress/integration/Reserva.feature:10080:35)",
                "diff": null
              },
              "uuid": "f2f19b29-311a-4a6b-a9e4-a45a046fade7",
              "parentUUID": "ad65acb3-5f41-41d4-9862-028cc7ce9613",
              "isHook": false,
              "skipped": false
            }
          ],
          "suites": [],
          "passes": [],
          "failures": [
            "f2f19b29-311a-4a6b-a9e4-a45a046fade7"
          ],
          "pending": [],
          "skipped": [],
          "duration": 46279,
          "root": false,
          "rootEmpty": false,
          "_timeout": 2000
        }
      ],
      "passes": [],
      "failures": [],
      "pending": [],
      "skipped": [],
      "duration": 0,
      "root": true,
      "rootEmpty": true,
      "_timeout": 2000
    }
  ],
  "meta": {
    "mocha": {
      "version": "7.0.1"
    },
    "mochawesome": {
      "options": {
        "quiet": false,
        "reportFilename": "mochawesome",
        "saveHtml": true,
        "saveJson": true,
        "consoleReporter": "spec",
        "useInlineDiffs": false,
        "code": true
      },
      "version": "6.2.2"
    },
    "marge": {
      "options": {
        "overwrite": false
      },
      "version": "5.2.0"
    }
  }
}