{
  "stats": {
    "suites": 1,
    "tests": 1,
    "passes": 1,
    "pending": 0,
    "failures": 0,
    "start": "2021-08-12T01:06:10.494Z",
    "end": "2021-08-12T01:07:13.501Z",
    "duration": 63007,
    "testsRegistered": 1,
    "passPercent": 100,
    "pendingPercent": 0,
    "other": 0,
    "hasOther": false,
    "skipped": 0,
    "hasSkipped": false
  },
  "results": [
    {
      "uuid": "f9f142f1-a258-4e72-bfff-daeb5dd39b63",
      "title": "",
      "fullFile": "cypress/integration/Reserva.feature",
      "file": "cypress/integration/Reserva.feature",
      "beforeHooks": [],
      "afterHooks": [],
      "tests": [],
      "suites": [
        {
          "uuid": "c0d80fd5-6cd1-40e8-9bc0-570b4fbfaff5",
          "title": "Reserva de passagem de voo",
          "fullFile": "",
          "file": "",
          "beforeHooks": [],
          "afterHooks": [],
          "tests": [
            {
              "title": "Realizar uma reserva de voo com Sucesso de São Paulo para o Rio de Janeiro",
              "fullTitle": "Reserva de passagem de voo Realizar uma reserva de voo com Sucesso de São Paulo para o Rio de Janeiro",
              "timedOut": null,
              "duration": 62829,
              "state": "passed",
              "speed": "slow",
              "pass": true,
              "fail": false,
              "pending": false,
              "context": null,
              "code": "const state = window.testState;\nreturn cy\n  .then(() => state.onStartScenario(scenario, indexedSteps))\n  .then(() =>\n    resolveAndRunBeforeHooks.call(this, scenario.tags, state.feature.name)\n  )\n  .then(() =>\n    indexedSteps.forEach((step) =>\n      stepTest.call(this, state, step, rowData)\n    )\n  )\n  .then(() => state.onFinishScenario(scenario));",
              "err": {},
              "uuid": "912106b1-74d8-4903-8d7b-aaf1f39fd4ac",
              "parentUUID": "c0d80fd5-6cd1-40e8-9bc0-570b4fbfaff5",
              "isHook": false,
              "skipped": false
            }
          ],
          "suites": [],
          "passes": [
            "912106b1-74d8-4903-8d7b-aaf1f39fd4ac"
          ],
          "failures": [],
          "pending": [],
          "skipped": [],
          "duration": 62829,
          "root": false,
          "rootEmpty": false,
          "_timeout": 2000
        }
      ],
      "passes": [],
      "failures": [],
      "pending": [],
      "skipped": [],
      "duration": 0,
      "root": true,
      "rootEmpty": true,
      "_timeout": 2000
    }
  ],
  "meta": {
    "mocha": {
      "version": "7.0.1"
    },
    "mochawesome": {
      "options": {
        "quiet": false,
        "reportFilename": "mochawesome",
        "saveHtml": true,
        "saveJson": true,
        "consoleReporter": "spec",
        "useInlineDiffs": false,
        "code": true
      },
      "version": "6.2.2"
    },
    "marge": {
      "options": {
        "overwrite": false
      },
      "version": "5.2.0"
    }
  }
}